{"time":"2025-09-03T01:09:57.8016369+03:00","level":"INFO","msg":"HTTP request","request_id":"ff0ab24c-ae59-432d-a25a-a233876728fe","method":"GET","path":"/swagger/index.html","status_code":200,"duration_ms":"68.8µs","content_length":0}
{"time":"2025-09-03T01:09:57.827231+03:00","level":"INFO","msg":"HTTP request","request_id":"9201bfb3-67f0-4ed4-84c1-35bddb99e31f","method":"GET","path":"/swagger/swagger-ui.css","status_code":200,"duration_ms":"0s","content_length":0}
{"time":"2025-09-03T01:09:57.8292389+03:00","level":"INFO","msg":"HTTP request","request_id":"52b0d821-31b3-47ac-94f1-5739ddf53f0b","method":"GET","path":"/swagger/swagger-ui-bundle.js","status_code":200,"duration_ms":"531.8µs","content_length":0}
{"time":"2025-09-03T01:09:57.8297719+03:00","level":"INFO","msg":"HTTP request","request_id":"fd8a82ae-d161-40e5-a22f-dcd36c1764e8","method":"GET","path":"/swagger/swagger-ui-standalone-preset.js","status_code":200,"duration_ms":"533µs","content_length":0}
{"time":"2025-09-03T01:09:57.9901805+03:00","level":"INFO","msg":"HTTP request","request_id":"9b9d1891-7733-40fa-8fc7-654c2519b24a","method":"GET","path":"/swagger/doc.json","status_code":200,"duration_ms":"0s","content_length":0}
{"time":"2025-09-03T01:09:57.9954209+03:00","level":"INFO","msg":"HTTP request","request_id":"4d31a190-bcd5-4027-a573-ebd8ee703265","method":"GET","path":"/swagger/favicon-32x32.png","status_code":200,"duration_ms":"0s","content_length":0}
{"time":"2025-09-03T01:10:13.2964466+03:00","level":"INFO","msg":"HTTP request","request_id":"494f56a4-0d5f-4380-bec1-a07603fb825f","method":"POST","path":"/create_event","status_code":200,"duration_ms":"1.5463ms","content_length":71}
{"time":"2025-09-03T01:10:16.3577395+03:00","level":"INFO","msg":"HTTP request","request_id":"06515d36-f8d1-4088-9b5c-9068958d07a9","method":"GET","path":"/events_for_day","status_code":200,"duration_ms":"0s","content_length":0}
{"time":"2025-09-03T01:10:36.6807503+03:00","level":"INFO","msg":"HTTP request","request_id":"bb61eb99-14ee-4de6-bd20-61529aa1a238","method":"POST","path":"/delete_event","status_code":200,"duration_ms":"544.7µs","content_length":35}
{"time":"2025-09-03T01:11:13.0332086+03:00","level":"INFO","msg":"HTTP request","request_id":"f1280283-6b04-4830-bc59-cc42bf3d18e2","method":"POST","path":"/create_event","status_code":200,"duration_ms":"869.6µs","content_length":71}
{"time":"2025-09-03T01:11:22.8552741+03:00","level":"INFO","msg":"HTTP request","request_id":"9d918ffc-5c18-4529-83da-6c0f9804ed07","method":"POST","path":"/create_event","status_code":200,"duration_ms":"505.8µs","content_length":71}
{"time":"2025-09-03T01:11:24.4303831+03:00","level":"INFO","msg":"HTTP request","request_id":"f8c32706-fef5-412d-9c09-a7ca2cceca50","method":"GET","path":"/events_for_day","status_code":200,"duration_ms":"0s","content_length":0}
{"time":"2025-09-03T01:11:27.9433645+03:00","level":"INFO","msg":"HTTP request","request_id":"78cf8f10-6a11-4498-98e6-ba5aced2d25a","method":"GET","path":"/events_for_day","status_code":200,"duration_ms":"0s","content_length":0}
{"time":"2025-09-03T01:11:33.676711+03:00","level":"INFO","msg":"HTTP request","request_id":"92b6d6f0-035d-4127-98ef-e91ab8da7491","method":"POST","path":"/create_event","status_code":200,"duration_ms":"0s","content_length":71}
{"time":"2025-09-03T01:11:35.8129104+03:00","level":"INFO","msg":"HTTP request","request_id":"4fc67733-1623-410b-b5c5-f43915a1cd8f","method":"GET","path":"/events_for_day","status_code":200,"duration_ms":"0s","content_length":0}
{"time":"2025-09-03T01:11:43.2975343+03:00","level":"INFO","msg":"HTTP request","request_id":"9dcc58ed-7853-47ec-bee7-578e04e52b89","method":"GET","path":"/events_for_day","status_code":200,"duration_ms":"0s","content_length":0}
{"time":"2025-09-03T01:11:53.860996+03:00","level":"INFO","msg":"HTTP request","request_id":"c376afce-790c-4907-9042-7c839554c65a","method":"GET","path":"/events_for_day","status_code":200,"duration_ms":"1.0858ms","content_length":0}
{"time":"2025-09-03T01:12:15.7809714+03:00","level":"INFO","msg":"HTTP request","request_id":"365f127f-c05b-43a1-9f5b-002d4996191f","method":"GET","path":"/events_for_day","status_code":200,"duration_ms":"131.6µs","content_length":0}
{"time":"2025-09-03T01:12:30.2934312+03:00","level":"INFO","msg":"HTTP request","request_id":"0ddfe3ba-8d53-4149-b52e-107f8c9534ad","method":"POST","path":"/update_event","status_code":200,"duration_ms":"705µs","content_length":84}
{"time":"2025-09-03T01:12:36.1750965+03:00","level":"INFO","msg":"HTTP request","request_id":"68f3525c-926a-48ee-9f04-4694b58de75f","method":"GET","path":"/events_for_day","status_code":200,"duration_ms":"0s","content_length":0}
{"time":"2025-09-03T01:12:45.2608253+03:00","level":"INFO","msg":"HTTP request","request_id":"8f828ba4-3702-4aaf-99c6-67205d4ecc63","method":"GET","path":"/events_for_day","status_code":200,"duration_ms":"1.0616ms","content_length":0}
{"time":"2025-09-03T01:12:59.1236817+03:00","level":"INFO","msg":"HTTP request","request_id":"5e767fef-a99d-40a8-b90a-1951b4671bd6","method":"GET","path":"/events_for_day","status_code":200,"duration_ms":"788.7µs","content_length":0}
{"time":"2025-09-03T01:13:18.5375174+03:00","level":"INFO","msg":"HTTP request","request_id":"a70a3301-0296-480d-a220-b526a5d4ef0b","method":"POST","path":"/delete_event","status_code":200,"duration_ms":"103.8µs","content_length":35}
{"time":"2025-09-03T01:13:21.6007609+03:00","level":"INFO","msg":"HTTP request","request_id":"924c2f0c-8b26-4525-8c47-10e64fb03744","method":"GET","path":"/events_for_day","status_code":200,"duration_ms":"350.6µs","content_length":0}
{"time":"2025-09-03T01:13:25.5313179+03:00","level":"INFO","msg":"HTTP request","request_id":"554851d2-af45-4778-9a86-52ae1189210f","method":"GET","path":"/events_for_day","status_code":200,"duration_ms":"750.7µs","content_length":0}
{"time":"2025-09-03T01:13:42.8089025+03:00","level":"INFO","msg":"HTTP request","request_id":"b7c4bb60-30e4-41dc-a61b-e8c6e3cbde1d","method":"POST","path":"/delete_event","status_code":200,"duration_ms":"810.5µs","content_length":35}
{"time":"2025-09-03T01:13:44.6127902+03:00","level":"INFO","msg":"HTTP request","request_id":"21a03d90-5bad-4cf7-847a-931890f383e3","method":"GET","path":"/events_for_day","status_code":200,"duration_ms":"0s","content_length":0}
{"time":"2025-09-03T01:13:48.9853764+03:00","level":"INFO","msg":"HTTP request","request_id":"b4ce70aa-ea4e-4ab3-968e-36d0e1239408","method":"GET","path":"/events_for_day","status_code":200,"duration_ms":"619.4µs","content_length":0}
